<?xml version="1.0" encoding="UTF-8"?>
<!-- Generated by org.testng.reporters.JUnitReportReporter -->
<testsuite hostname="XOR-BSA-39" failures="0" tests="2" name="TestNGPractice.FirstTestNg1" time="0.058" errors="0" timestamp="2022-11-30T22:49:04 IST" skipped="0">
  <testcase classname="TestNGPractice.FirstTestNg1" name="verifyHomePageTitle" time="0.031"/>
  <system-out/>
  <testcase classname="TestNGPractice.FirstTestNg1" name="verifyHomePageUrl" time="0.027"/>
  <system-out/>
</testsuite> <!-- TestNGPractice.FirstTestNg1 -->
