<?xml version="1.0" encoding="UTF-8"?>
<!-- Generated by org.testng.reporters.JUnitReportReporter -->
<testsuite hostname="XOR-BSA-39" failures="0" tests="4" name="TestNGPractice.Innovaction_Count" time="0.027" errors="0" timestamp="2022-12-02T22:49:00 IST" skipped="0">
  <testcase classname="TestNGPractice.Innovaction_Count" name="m2" time="0.001"/>
  <system-out/>
  <testcase classname="TestNGPractice.Innovaction_Count" name="m1" time="0.013"/>
  <system-out/>
  <testcase classname="TestNGPractice.Innovaction_Count" name="m2" time="0.011"/>
  <system-out/>
  <testcase classname="TestNGPractice.Innovaction_Count" name="m2" time="0.002"/>
  <system-out/>
</testsuite> <!-- TestNGPractice.Innovaction_Count -->
