<?xml version="1.0" encoding="UTF-8"?>
<!-- Generated by org.testng.reporters.JUnitReportReporter -->
<testsuite hostname="XOR-BSA-39" failures="0" tests="5" name="TestNGPractice.Get_Thread_Id" time="0.040" errors="0" timestamp="2022-11-30T23:45:40 IST" skipped="0">
  <testcase classname="TestNGPractice.Get_Thread_Id" name="m2" time="0.008"/>
  <system-out/>
  <testcase classname="TestNGPractice.Get_Thread_Id" name="m1" time="0.008"/>
  <system-out/>
  <testcase classname="TestNGPractice.Get_Thread_Id" name="m4" time="0.008"/>
  <system-out/>
  <testcase classname="TestNGPractice.Get_Thread_Id" name="m5" time="0.008"/>
  <system-out/>
  <testcase classname="TestNGPractice.Get_Thread_Id" name="m3" time="0.008"/>
  <system-out/>
</testsuite> <!-- TestNGPractice.Get_Thread_Id -->
