<?xml version="1.0" encoding="UTF-8"?>
<!-- Generated by org.testng.reporters.JUnitReportReporter -->
<testsuite hostname="XOR-BSA-39" failures="0" tests="1" name="TestNGPractice.Trial2" time="20.074" errors="0" timestamp="2022-11-18T23:15:51 IST" skipped="0">
  <testcase classname="TestNGPractice.Trial2" name="verifyUser" time="20.074"/>
  <system-out/>
</testsuite> <!-- TestNGPractice.Trial2 -->
