<?xml version="1.0" encoding="UTF-8"?>
<!-- Generated by org.testng.reporters.JUnitReportReporter -->
<testsuite hostname="XOR-BSA-39" failures="0" tests="1" name="TestNGPractice.Trial3" time="12.040" errors="0" timestamp="2022-11-18T23:21:52 IST" skipped="0">
  <testcase classname="TestNGPractice.Trial3" name="verifyUser" time="12.040"/>
  <system-out/>
</testsuite> <!-- TestNGPractice.Trial3 -->
