<?xml version="1.0" encoding="UTF-8"?>
<!-- Generated by org.testng.reporters.JUnitReportReporter -->
<testsuite hostname="XOR-BSA-39" failures="0" tests="3" name="TestNGPractice.DependsOnMethod" time="10.440" errors="0" timestamp="2022-11-19T14:10:27 IST" skipped="0">
  <testcase classname="TestNGPractice.DependsOnMethod" name="verifyUser" time="0.021"/>
  <system-out/>
  <testcase classname="TestNGPractice.DependsOnMethod" name="login" time="0.274"/>
  <system-out/>
  <testcase classname="TestNGPractice.DependsOnMethod" name="logout" time="10.145"/>
  <system-out/>
</testsuite> <!-- TestNGPractice.DependsOnMethod -->
