<?xml version="1.0" encoding="UTF-8"?>
<!-- Generated by org.testng.reporters.JUnitReportReporter -->
<testsuite hostname="XOR-BSA-39" failures="0" tests="2" name="TestNGPractice.Annotations" time="0.014" errors="0" timestamp="2022-11-30T22:54:18 IST" skipped="0">
  <testcase classname="TestNGPractice.Annotations" name="test1" time="0.010"/>
  <system-out/>
  <testcase classname="TestNGPractice.Annotations" name="test2" time="0.004"/>
  <system-out/>
</testsuite> <!-- TestNGPractice.Annotations -->
