<?xml version="1.0" encoding="UTF-8"?>
<!-- Generated by org.testng.reporters.JUnitReportReporter -->
<testsuite hostname="XOR-BSA-39" failures="0" tests="1" name="TestNGPractice.FirstTestNg2" time="28.498" errors="0" timestamp="2022-12-05T23:22:40 IST" skipped="0">
  <testcase classname="TestNGPractice.FirstTestNg2" name="testGoogle" time="28.498"/>
  <system-out/>
</testsuite> <!-- TestNGPractice.FirstTestNg2 -->
