<?xml version="1.0" encoding="UTF-8"?>
<!-- Generated by org.testng.reporters.JUnitReportReporter -->
<testsuite hostname="XOR-BSA-39" failures="0" tests="2" name="TestNGPractice.Trial4" time="0.067" errors="0" timestamp="2022-11-18T23:27:18 IST" skipped="0">
  <testcase classname="TestNGPractice.Trial4" name="verifyAllUsers" time="0.047"/>
  <system-out/>
  <testcase classname="TestNGPractice.Trial4" name="verifyAllUsersByUsingForloop" time="0.020"/>
  <system-out/>
</testsuite> <!-- TestNGPractice.Trial4 -->
