<?xml version="1.0" encoding="UTF-8"?>
<!-- Generated by org.testng.reporters.JUnitReportReporter -->
<testsuite hostname="XOR-BSA-39" failures="0" tests="1" name="TestNGPractice.Trial5" time="19.555" errors="0" timestamp="2022-11-18T23:57:20 IST" skipped="0">
  <testcase classname="TestNGPractice.Trial5" name="verifyUser" time="19.555"/>
  <system-out/>
</testsuite> <!-- TestNGPractice.Trial5 -->
