<?xml version="1.0" encoding="UTF-8"?>
<!-- Generated by org.testng.reporters.JUnitReportReporter -->
<testsuite hostname="XOR-BSA-39" failures="0" tests="2" name="TestNGPractice.Gmail_Test" time="0.033" errors="0" timestamp="2022-12-05T23:23:44 IST" skipped="0">
  <testcase classname="TestNGPractice.Gmail_Test" name="LogoutTest" time="0.014"/>
  <system-out/>
  <testcase classname="TestNGPractice.Gmail_Test" name="LoginTest" time="0.019"/>
  <system-out/>
</testsuite> <!-- TestNGPractice.Gmail_Test -->
