<?xml version="1.0" encoding="UTF-8"?>
<!-- Generated by org.testng.reporters.JUnitReportReporter -->
<testsuite hostname="XOR-BSA-39" failures="0" tests="5" name="TestNGPractice.PriorityAttribute" time="0.016" errors="0" timestamp="2022-11-08T17:29:55 IST" skipped="1">
  <testcase classname="TestNGPractice.PriorityAttribute" name="method3" time="0.011"/>
  <system-out/>
  <testcase classname="TestNGPractice.PriorityAttribute" name="method5" time="0.001"/>
  <system-out/>
  <testcase classname="TestNGPractice.PriorityAttribute" name="method4" time="0.001"/>
  <system-out/>
  <testcase classname="TestNGPractice.PriorityAttribute" name="method2" time="0.003"/>
  <system-out/>
  <testcase classname="TestNGPractice.PriorityAttribute" name="method1">
    <skipped/>
  </testcase> <!-- method1 -->
  <system-out/>
</testsuite> <!-- TestNGPractice.PriorityAttribute -->
