<?xml version="1.0" encoding="UTF-8"?>
<!-- Generated by org.testng.reporters.JUnitReportReporter -->
<testsuite hostname="XOR-BSA-39" failures="0" tests="1" name="TestNGPractice.Login_Test" time="0.354" errors="0" timestamp="2022-11-19T14:38:17 IST" skipped="0">
  <testcase classname="TestNGPractice.Login_Test" name="login" time="0.354"/>
  <system-out/>
</testsuite> <!-- TestNGPractice.Login_Test -->
