<?xml version="1.0" encoding="UTF-8"?>
<!-- Generated by org.testng.reporters.JUnitReportReporter -->
<testsuite hostname="XOR-BSA-39" failures="0" tests="2" name="TestNGPractice.Annotations" time="0.006" errors="0" timestamp="2022-11-10T17:19:33 IST" skipped="0">
  <testcase classname="TestNGPractice.Annotations" name="test2" time="0.001"/>
  <system-out/>
  <testcase classname="TestNGPractice.Annotations" name="test1" time="0.005"/>
  <system-out/>
</testsuite> <!-- TestNGPractice.Annotations -->
