<?xml version="1.0" encoding="UTF-8"?>
<!-- Generated by org.testng.reporters.JUnitReportReporter -->
<testsuite hostname="XOR-BSA-39" failures="0" tests="2" name="TestNGPractice.Gmail_Test$GmailTest" time="0.022" errors="0" timestamp="2022-12-05T23:20:38 IST" skipped="0">
  <testcase classname="TestNGPractice.Gmail_Test$GmailTest" name="LoginTest" time="0.020"/>
  <system-out/>
  <testcase classname="TestNGPractice.Gmail_Test$GmailTest" name="LogoutTest" time="0.002"/>
  <system-out/>
</testsuite> <!-- TestNGPractice.Gmail_Test$GmailTest -->
