<?xml version="1.0" encoding="UTF-8"?>
<!-- Generated by org.testng.reporters.JUnitReportReporter -->
<testsuite hostname="XOR-BSA-39" failures="0" tests="1" name="TestNGPractice.HardAssert3" time="0.151" errors="0" timestamp="2022-11-17T12:46:25 IST" skipped="0">
  <testcase classname="TestNGPractice.HardAssert3" name="hardAssertverification" time="0.151"/>
  <system-out/>
</testsuite> <!-- TestNGPractice.HardAssert3 -->
